c:\ecs\entitycomponentsystemlabtank\debug\vc140.pdb
c:\ecs\entitycomponentsystemlabtank\debug\vc140.idb
c:\ecs\entitycomponentsystemlabtank\debug\tank.obj
c:\ecs\entitycomponentsystemlabtank\debug\turret.obj
c:\ecs\entitycomponentsystemlabtank\debug\volume.obj
c:\ecs\entitycomponentsystemlabtank\debug\wall.obj
c:\ecs\entitycomponentsystemlabtank\debug\entitycreator.obj
c:\ecs\entitycomponentsystemlabtank\debug\game.obj
c:\ecs\entitycomponentsystemlabtank\debug\gamemanager.obj
c:\ecs\entitycomponentsystemlabtank\debug\keyhandler.obj
c:\ecs\entitycomponentsystemlabtank\debug\main.obj
c:\ecs\entitycomponentsystemlabtank\debug\playercontrol.obj
c:\ecs\entitycomponentsystemlabtank\debug\playercontrolsystem.obj
c:\ecs\entitycomponentsystemlabtank\debug\resourcepath.obj
c:\ecs\entitycomponentsystemlabtank\debug\screensize.obj
c:\ecs\entitycomponentsystemlabtank\debug\aicontrolsystem.obj
c:\ecs\entitycomponentsystemlabtank\debug\movementsystem.obj
c:\ecs\entitycomponentsystemlabtank\debug\rendersystem.obj
c:\ecs\entitycomponentsystemlabtank\debug\btmath.obj
c:\ecs\entitycomponentsystemlabtank\debug\collisionbox.obj
c:\ecs\entitycomponentsystemlabtank\debug\levelloader.obj
c:\ecs\entitycomponentsystemlabtank\debug\ai.obj
c:\ecs\entitycomponentsystemlabtank\debug\background.obj
c:\ecs\entitycomponentsystemlabtank\debug\display.obj
c:\ecs\entitycomponentsystemlabtank\debug\motion.obj
c:\ecs\entitycomponentsystemlabtank\debug\parent.obj
c:\ecs\entitycomponentsystemlabtank\debug\position.obj
c:\ecs\entitycomponentsystemlabtank\debug\levelsystem.obj
c:\ecs\entitycomponentsystemlabtank\debug\ecs_example.pdb
c:\ecs\entitycomponentsystemlabtank\debug\ecs_example.tlog\cl.command.1.tlog
c:\ecs\entitycomponentsystemlabtank\debug\ecs_example.tlog\cl.read.1.tlog
c:\ecs\entitycomponentsystemlabtank\debug\ecs_example.tlog\cl.write.1.tlog
c:\ecs\entitycomponentsystemlabtank\debug\ecs_example.tlog\link-cvtres.read.1.tlog
c:\ecs\entitycomponentsystemlabtank\debug\ecs_example.tlog\link-cvtres.write.1.tlog
c:\ecs\entitycomponentsystemlabtank\debug\ecs_example.tlog\link-rc.read.1.tlog
c:\ecs\entitycomponentsystemlabtank\debug\ecs_example.tlog\link-rc.write.1.tlog
c:\ecs\entitycomponentsystemlabtank\debug\ecs_example.tlog\link.command.1.tlog
c:\ecs\entitycomponentsystemlabtank\debug\ecs_example.tlog\link.read.1.tlog
c:\ecs\entitycomponentsystemlabtank\debug\ecs_example.tlog\link.write.1.tlog
